<?xml version="1.0" encoding="UTF-8"?>
<!-- Generated by org.testng.reporters.JUnitReportReporter -->
<testsuite skipped="0" hostname="DESKTOP-VT4BND7" name="com.orange.Base.Basetest" tests="1" failures="0" timestamp="2023-08-07T21:33:20 IST" time="3.126" errors="0">
  <testcase name="login" time="3.126" classname="com.orange.Base.Basetest"/>
  <system-out/>
</testsuite> <!-- com.orange.Base.Basetest -->
