<?xml version="1.0" encoding="UTF-8"?>
<!-- Generated by org.testng.reporters.JUnitReportReporter -->
<testsuite skipped="0" hostname="DESKTOP-VT4BND7" name="com.orange.Testcase.LoginTestcase" tests="2" failures="0" timestamp="2023-08-10T21:46:01 IST" time="44.428" errors="0">
  <testcase name="loginValidation" time="22.372" classname="com.orange.Testcase.LoginTestcase"/>
  <system-out/>
  <testcase name="loginValidation" time="22.056" classname="com.orange.Testcase.LoginTestcase"/>
  <system-out/>
</testsuite> <!-- com.orange.Testcase.LoginTestcase -->
