<?xml version="1.0" encoding="UTF-8"?>
<!-- Generated by org.testng.reporters.JUnitReportReporter -->
<testsuite skipped="0" hostname="DESKTOP-VT4BND7" name="com.orange.Testcase.DashboardTestcase" tests="2" failures="0" timestamp="2023-08-10T12:17:48 IST" time="3.085" errors="1">
  <testcase name="teardown" time="0.017" classname="com.orange.Testcase.DashboardTestcase">
    <error type="java.lang.NoClassDefFoundError" message="org/bson/types/ObjectId">
      <![CDATA[java.lang.NoClassDefFoundError: org/bson/types/ObjectId
at java.lang.Class.getDeclaredMethods0(Native Method)
at java.lang.Class.privateGetDeclaredMethods(Class.java:2701)
at java.lang.Class.privateGetPublicMethods(Class.java:2902)
at java.lang.Class.getMethods(Class.java:1615)
at freemarker.ext.beans.ClassIntrospector.discoverAccessibleMethods(ClassIntrospector.java:775)
at freemarker.ext.beans.ClassIntrospector.discoverAccessibleMethods(ClassIntrospector.java:767)
at freemarker.ext.beans.ClassIntrospector.createClassIntrospectionData(ClassIntrospector.java:286)
at freemarker.ext.beans.ClassIntrospector.get(ClassIntrospector.java:260)
at freemarker.ext.beans.BeanModel.<init>(BeanModel.java:111)
at freemarker.ext.beans.BeanModel.<init>(BeanModel.java:102)
at freemarker.ext.beans.StringModel.<init>(StringModel.java:56)
at freemarker.ext.beans.StringModel$1.create(StringModel.java:39)
at freemarker.ext.beans.BeansModelCache.create(BeansModelCache.java:72)
at freemarker.ext.util.ModelCache.getInstance(ModelCache.java:80)
at freemarker.ext.beans.BeansWrapper.wrap(BeansWrapper.java:938)
at freemarker.template.DefaultObjectWrapper.handleUnknownType(DefaultObjectWrapper.java:278)
at freemarker.template.DefaultObjectWrapper.wrap(DefaultObjectWrapper.java:251)
at freemarker.template.WrappingTemplateModel.wrap(WrappingTemplateModel.java:112)
at freemarker.template.DefaultListAdapter.get(DefaultListAdapter.java:77)
at freemarker.core.DynamicKeyName.dealWithNumericalKey(DynamicKeyName.java:114)
at freemarker.core.DynamicKeyName._eval(DynamicKeyName.java:80)
at freemarker.core.Expression.eval(Expression.java:101)
at freemarker.core.Assignment.accept(Assignment.java:134)
at freemarker.core.Environment.visit(Environment.java:334)
at freemarker.core.Environment.visit(Environment.java:340)
at freemarker.core.Environment.visit(Environment.java:340)
at freemarker.core.Environment.process(Environment.java:313)
at freemarker.template.Template.process(Template.java:383)
at com.aventstack.extentreports.reporter.ExtentHtmlReporter.flush(ExtentHtmlReporter.java:142)
at java.util.ArrayList.forEach(ArrayList.java:1257)
at com.aventstack.extentreports.Report.notifyReporters(Report.java:247)
at com.aventstack.extentreports.Report.flush(Report.java:169)
at com.aventstack.extentreports.ExtentReports.flush(ExtentReports.java:270)
at com.orange.Base.Basetest.teardown(Basetest.java:72)
at sun.reflect.NativeMethodAccessorImpl.invoke0(Native Method)
at sun.reflect.NativeMethodAccessorImpl.invoke(NativeMethodAccessorImpl.java:62)
at sun.reflect.DelegatingMethodAccessorImpl.invoke(DelegatingMethodAccessorImpl.java:43)
at java.lang.reflect.Method.invoke(Method.java:498)
at org.testng.internal.MethodInvocationHelper.invokeMethod(MethodInvocationHelper.java:133)
at org.testng.internal.MethodInvocationHelper.invokeMethodConsideringTimeout(MethodInvocationHelper.java:62)
at org.testng.internal.ConfigInvoker.invokeConfigurationMethod(ConfigInvoker.java:385)
at org.testng.internal.ConfigInvoker.invokeConfigurations(ConfigInvoker.java:321)
at org.testng.internal.TestMethodWorker.invokeAfterClassMethods(TestMethodWorker.java:217)
at org.testng.internal.TestMethodWorker.run(TestMethodWorker.java:130)
at java.util.ArrayList.forEach(ArrayList.java:1257)
at org.testng.TestRunner.privateRun(TestRunner.java:794)
at org.testng.TestRunner.run(TestRunner.java:596)
at org.testng.SuiteRunner.runTest(SuiteRunner.java:377)
at org.testng.SuiteRunner.runSequentially(SuiteRunner.java:371)
at org.testng.SuiteRunner.privateRun(SuiteRunner.java:332)
at org.testng.SuiteRunner.run(SuiteRunner.java:276)
at org.testng.SuiteRunnerWorker.runSuite(SuiteRunnerWorker.java:53)
at org.testng.SuiteRunnerWorker.run(SuiteRunnerWorker.java:96)
at org.testng.TestNG.runSuitesSequentially(TestNG.java:1212)
at org.testng.TestNG.runSuitesLocally(TestNG.java:1134)
at org.testng.TestNG.runSuites(TestNG.java:1063)
at org.testng.TestNG.run(TestNG.java:1031)
at org.testng.remote.AbstractRemoteTestNG.run(AbstractRemoteTestNG.java:115)
at org.testng.remote.RemoteTestNG.initAndRun(RemoteTestNG.java:251)
at org.testng.remote.RemoteTestNG.main(RemoteTestNG.java:77)
Caused by: java.lang.ClassNotFoundException: org.bson.types.ObjectId
at java.net.URLClassLoader.findClass(URLClassLoader.java:382)
at java.lang.ClassLoader.loadClass(ClassLoader.java:424)
at sun.misc.Launcher$AppClassLoader.loadClass(Launcher.java:349)
at java.lang.ClassLoader.loadClass(ClassLoader.java:357)
... 60 more
]]>
    </error>
  </testcase> <!-- teardown -->
  <system-out/>
  <testcase name="nav" time="3.068" classname="com.orange.Testcase.DashboardTestcase"/>
  <system-out/>
</testsuite> <!-- com.orange.Testcase.DashboardTestcase -->
