<?xml version="1.0" encoding="UTF-8"?>
<!-- Generated by org.testng.reporters.JUnitReportReporter -->
<testsuite skipped="0" hostname="DESKTOP-VT4BND7" name="com.orange.Testcase.Testcase" tests="3" failures="0" timestamp="2023-08-09T09:20:02 IST" time="596.138" errors="0">
  <testcase name="loginValidation" time="577.775" classname="com.orange.Testcase.Testcase"/>
  <system-out/>
  <testcase name="loginValidation" time="17.499" classname="com.orange.Testcase.Testcase"/>
  <system-out/>
  <testcase name="logout" time="0.864" classname="com.orange.Testcase.Testcase"/>
  <system-out/>
</testsuite> <!-- com.orange.Testcase.Testcase -->
