<?xml version="1.0" encoding="UTF-8"?>
<!-- Generated by org.testng.reporters.JUnitReportReporter -->
<testsuite hostname="DESKTOP-VT4BND7" failures="0" tests="2" name="com.orange.Testcase.LoginTestcase" time="44.309" errors="0" timestamp="13 Aug 2023 14:01:38 GMT" skipped="0">
  <testcase classname="com.orange.Testcase.LoginTestcase" name="loginValidation" time="22.528"/>
  <testcase classname="com.orange.Testcase.LoginTestcase" name="loginValidation" time="21.781"/>
</testsuite> <!-- com.orange.Testcase.LoginTestcase -->
